<?xml version="1.0" encoding="utf-8"?>
<TestRun id="97c48076-97c4-4aa2-b93d-e77f2ed4a8bd" name="momin@DESKTOP-72BG8PT 2025-05-23 02:14:55" runUser="DESKTOP-72BG8PT\momin" xmlns="http://microsoft.com/schemas/VisualStudio/TeamTest/2010">
  <Times creation="2025-05-23T02:14:55.4124051+05:00" queuing="2025-05-23T02:14:55.4124051+05:00" start="2025-05-23T02:14:15.1279173+05:00" finish="2025-05-23T02:16:45.1171820+05:00" />
  <TestSettings name="default" id="a77586a6-6baf-4b8a-8432-90195acfecc8">
    <Deployment runDeploymentRoot="momin_DESKTOP-72BG8PT_2025-05-23_02_14_55" />
  </TestSettings>
  <Results>
    <UnitTestResult executionId="73e43df8-036a-41e4-99b9-c9325e397bb0" testId="62e3d6a0-ecc3-3adc-59f0-660b7f133f73" testName="TestCase_002 (MominaTester,Momina)" computerName="DESKTOP-72BG8PT" duration="00:00:18.3237747" startTime="2025-05-23T02:15:15.0594706+05:00" endTime="2025-05-23T02:15:33.3906427+05:00" testType="13cdc9d9-ddb5-4fa4-a97d-d965ccfc6d4b" outcome="Passed" testListId="8c84fa94-04c1-424b-9868-57a2d4851a1d" relativeResultsDirectory="73e43df8-036a-41e4-99b9-c9325e397bb0" />
    <UnitTestResult executionId="6586f0ba-899a-49d0-ab76-4b3895d0fce7" testId="4a9fac56-50de-92d9-d1ec-8f0037b83235" testName="TestCase_003" computerName="DESKTOP-72BG8PT" duration="00:00:20.9897775" startTime="2025-05-23T02:15:50.2758679+05:00" endTime="2025-05-23T02:16:11.2969272+05:00" testType="13cdc9d9-ddb5-4fa4-a97d-d965ccfc6d4b" outcome="Passed" testListId="8c84fa94-04c1-424b-9868-57a2d4851a1d" relativeResultsDirectory="6586f0ba-899a-49d0-ab76-4b3895d0fce7" />
    <UnitTestResult executionId="6d823f61-c04c-4343-8a43-0c6050157cf4" testId="18bd94c3-827c-df76-e254-51bd87126e22" testName="TestCase_002 ($684$^*,Momina)" computerName="DESKTOP-72BG8PT" duration="00:00:16.8869940" startTime="2025-05-23T02:15:33.3906427+05:00" endTime="2025-05-23T02:15:50.2758679+05:00" testType="13cdc9d9-ddb5-4fa4-a97d-d965ccfc6d4b" outcome="Passed" testListId="8c84fa94-04c1-424b-9868-57a2d4851a1d" relativeResultsDirectory="6d823f61-c04c-4343-8a43-0c6050157cf4" />
    <UnitTestResult executionId="e67bbdf1-b401-44f3-a270-fcc68a0100ad" testId="3c0e32c9-a656-3f91-27a6-0c6c57dbc733" testName="TestCase_Login_Negative" computerName="DESKTOP-72BG8PT" duration="00:00:18.6122207" startTime="2025-05-23T02:16:11.2969272+05:00" endTime="2025-05-23T02:16:29.9106825+05:00" testType="13cdc9d9-ddb5-4fa4-a97d-d965ccfc6d4b" outcome="Passed" testListId="8c84fa94-04c1-424b-9868-57a2d4851a1d" relativeResultsDirectory="e67bbdf1-b401-44f3-a270-fcc68a0100ad" />
    <UnitTestResult executionId="b8593756-17f4-4462-bd56-27500860d8fb" testId="3955cfac-5726-9c8d-a9cc-adb1967bbdaa" testName="TestCase_001_Data_Driven (Data Row 0)" computerName="DESKTOP-72BG8PT" duration="00:00:20.5461402" startTime="2025-05-23T02:14:17.3131987+05:00" endTime="2025-05-23T02:14:55.2907846+05:00" testType="13cdc9d9-ddb5-4fa4-a97d-d965ccfc6d4b" outcome="Passed" testListId="8c84fa94-04c1-424b-9868-57a2d4851a1d" relativeResultsDirectory="b8593756-17f4-4462-bd56-27500860d8fb" />
    <UnitTestResult executionId="e2209f9f-d6c4-40f4-a4ae-9ae104217df9" testId="3955cfac-5726-9c8d-a9cc-adb1967bbdaa" testName="TestCase_001_Data_Driven (Data Row 1)" computerName="DESKTOP-72BG8PT" duration="00:00:16.9281426" startTime="2025-05-23T02:14:17.3131987+05:00" endTime="2025-05-23T02:14:55.2907846+05:00" testType="13cdc9d9-ddb5-4fa4-a97d-d965ccfc6d4b" outcome="Passed" testListId="8c84fa94-04c1-424b-9868-57a2d4851a1d" relativeResultsDirectory="e2209f9f-d6c4-40f4-a4ae-9ae104217df9" />
    <UnitTestResult executionId="c617c4a4-99aa-48f9-9581-d140a88703ff" testId="b7a839ca-de64-f8ec-bb3a-2a55ca93716b" testName="TestCase_Login_Negative_Invalid_Password_Valid_Username" computerName="DESKTOP-72BG8PT" duration="00:00:14.6534663" startTime="2025-05-23T02:16:29.9106825+05:00" endTime="2025-05-23T02:16:44.5659340+05:00" testType="13cdc9d9-ddb5-4fa4-a97d-d965ccfc6d4b" outcome="Passed" testListId="8c84fa94-04c1-424b-9868-57a2d4851a1d" relativeResultsDirectory="c617c4a4-99aa-48f9-9581-d140a88703ff" />
    <UnitTestResult executionId="751bded4-6aeb-4520-9815-c66278a6631d" testId="ab2380db-20c0-1dd8-de4a-c4d9dd66f580" testName="TestCase_002 (MominaTester,MominaTester)" computerName="DESKTOP-72BG8PT" duration="00:00:19.5989223" startTime="2025-05-23T02:14:55.4002448+05:00" endTime="2025-05-23T02:15:15.0594706+05:00" testType="13cdc9d9-ddb5-4fa4-a97d-d965ccfc6d4b" outcome="Passed" testListId="8c84fa94-04c1-424b-9868-57a2d4851a1d" relativeResultsDirectory="751bded4-6aeb-4520-9815-c66278a6631d" />
  </Results>
  <TestDefinitions>
    <UnitTest name="TestCase_Login_Negative_Invalid_Password_Valid_Username" storage="c:\users\momin\onedrive\ドキュメント\vs studio projects\workshop_selenium\workshop_selenium\bin\debug\workshop_selenium.dll" id="b7a839ca-de64-f8ec-bb3a-2a55ca93716b">
      <TestCategory>
        <TestCategoryItem TestCategory="LOGIN" />
      </TestCategory>
      <Execution id="c617c4a4-99aa-48f9-9581-d140a88703ff" />
      <TestMethod codeBase="C:\Users\momin\OneDrive\ドキュメント\VS Studio Projects\Workshop_selenium\Workshop_selenium\bin\Debug\Workshop_selenium.dll" adapterTypeName="executor://mstestadapter/v2" className="Workshop_selenium.UnitTest1" name="TestCase_Login_Negative_Invalid_Password_Valid_Username" />
    </UnitTest>
    <UnitTest name="TestCase_003" storage="c:\users\momin\onedrive\ドキュメント\vs studio projects\workshop_selenium\workshop_selenium\bin\debug\workshop_selenium.dll" id="4a9fac56-50de-92d9-d1ec-8f0037b83235">
      <TestCategory>
        <TestCategoryItem TestCategory="LOGIN" />
      </TestCategory>
      <Execution id="6586f0ba-899a-49d0-ab76-4b3895d0fce7" />
      <TestMethod codeBase="C:\Users\momin\OneDrive\ドキュメント\VS Studio Projects\Workshop_selenium\Workshop_selenium\bin\Debug\Workshop_selenium.dll" adapterTypeName="executor://mstestadapter/v2" className="Workshop_selenium.UnitTest1" name="TestCase_003" />
    </UnitTest>
    <UnitTest name="TestCase_002 (MominaTester,Momina)" storage="c:\users\momin\onedrive\ドキュメント\vs studio projects\workshop_selenium\workshop_selenium\bin\debug\workshop_selenium.dll" id="62e3d6a0-ecc3-3adc-59f0-660b7f133f73">
      <TestCategory>
        <TestCategoryItem TestCategory="LOGIN" />
      </TestCategory>
      <Execution id="73e43df8-036a-41e4-99b9-c9325e397bb0" />
      <TestMethod codeBase="C:\Users\momin\OneDrive\ドキュメント\VS Studio Projects\Workshop_selenium\Workshop_selenium\bin\Debug\Workshop_selenium.dll" adapterTypeName="executor://mstestadapter/v2" className="Workshop_selenium.UnitTest1" name="TestCase_002" />
    </UnitTest>
    <UnitTest name="TestCase_002 (MominaTester,MominaTester)" storage="c:\users\momin\onedrive\ドキュメント\vs studio projects\workshop_selenium\workshop_selenium\bin\debug\workshop_selenium.dll" id="ab2380db-20c0-1dd8-de4a-c4d9dd66f580">
      <TestCategory>
        <TestCategoryItem TestCategory="LOGIN" />
      </TestCategory>
      <Execution id="751bded4-6aeb-4520-9815-c66278a6631d" />
      <TestMethod codeBase="C:\Users\momin\OneDrive\ドキュメント\VS Studio Projects\Workshop_selenium\Workshop_selenium\bin\Debug\Workshop_selenium.dll" adapterTypeName="executor://mstestadapter/v2" className="Workshop_selenium.UnitTest1" name="TestCase_002" />
    </UnitTest>
    <UnitTest name="TestCase_002 ($684$^*,Momina)" storage="c:\users\momin\onedrive\ドキュメント\vs studio projects\workshop_selenium\workshop_selenium\bin\debug\workshop_selenium.dll" id="18bd94c3-827c-df76-e254-51bd87126e22">
      <TestCategory>
        <TestCategoryItem TestCategory="LOGIN" />
      </TestCategory>
      <Execution id="6d823f61-c04c-4343-8a43-0c6050157cf4" />
      <TestMethod codeBase="C:\Users\momin\OneDrive\ドキュメント\VS Studio Projects\Workshop_selenium\Workshop_selenium\bin\Debug\Workshop_selenium.dll" adapterTypeName="executor://mstestadapter/v2" className="Workshop_selenium.UnitTest1" name="TestCase_002" />
    </UnitTest>
    <UnitTest name="TestCase_Login_Negative" storage="c:\users\momin\onedrive\ドキュメント\vs studio projects\workshop_selenium\workshop_selenium\bin\debug\workshop_selenium.dll" id="3c0e32c9-a656-3f91-27a6-0c6c57dbc733">
      <TestCategory>
        <TestCategoryItem TestCategory="LOGIN" />
      </TestCategory>
      <Execution id="e67bbdf1-b401-44f3-a270-fcc68a0100ad" />
      <TestMethod codeBase="C:\Users\momin\OneDrive\ドキュメント\VS Studio Projects\Workshop_selenium\Workshop_selenium\bin\Debug\Workshop_selenium.dll" adapterTypeName="executor://mstestadapter/v2" className="Workshop_selenium.UnitTest1" name="TestCase_Login_Negative" />
    </UnitTest>
    <UnitTest name="TestCase_001_Data_Driven" storage="c:\users\momin\onedrive\ドキュメント\vs studio projects\workshop_selenium\workshop_selenium\bin\debug\workshop_selenium.dll" priority="1" id="3955cfac-5726-9c8d-a9cc-adb1967bbdaa">
      <Owners>
        <Owner name="Momina" />
      </Owners>
      <TestCategory>
        <TestCategoryItem TestCategory="LOGIN" />
        <TestCategoryItem TestCategory="POSITIVE" />
      </TestCategory>
      <Execution id="b8593756-17f4-4462-bd56-27500860d8fb" />
      <TestMethod codeBase="C:\Users\momin\OneDrive\ドキュメント\VS Studio Projects\Workshop_selenium\Workshop_selenium\bin\Debug\Workshop_selenium.dll" adapterTypeName="executor://mstestadapter/v2" className="Workshop_selenium.UnitTest1" name="TestCase_001_Data_Driven" />
    </UnitTest>
  </TestDefinitions>
  <TestEntries>
    <TestEntry testId="62e3d6a0-ecc3-3adc-59f0-660b7f133f73" executionId="73e43df8-036a-41e4-99b9-c9325e397bb0" testListId="8c84fa94-04c1-424b-9868-57a2d4851a1d" />
    <TestEntry testId="4a9fac56-50de-92d9-d1ec-8f0037b83235" executionId="6586f0ba-899a-49d0-ab76-4b3895d0fce7" testListId="8c84fa94-04c1-424b-9868-57a2d4851a1d" />
    <TestEntry testId="18bd94c3-827c-df76-e254-51bd87126e22" executionId="6d823f61-c04c-4343-8a43-0c6050157cf4" testListId="8c84fa94-04c1-424b-9868-57a2d4851a1d" />
    <TestEntry testId="3c0e32c9-a656-3f91-27a6-0c6c57dbc733" executionId="e67bbdf1-b401-44f3-a270-fcc68a0100ad" testListId="8c84fa94-04c1-424b-9868-57a2d4851a1d" />
    <TestEntry testId="3955cfac-5726-9c8d-a9cc-adb1967bbdaa" executionId="b8593756-17f4-4462-bd56-27500860d8fb" testListId="8c84fa94-04c1-424b-9868-57a2d4851a1d" />
    <TestEntry testId="3955cfac-5726-9c8d-a9cc-adb1967bbdaa" executionId="e2209f9f-d6c4-40f4-a4ae-9ae104217df9" testListId="8c84fa94-04c1-424b-9868-57a2d4851a1d" />
    <TestEntry testId="b7a839ca-de64-f8ec-bb3a-2a55ca93716b" executionId="c617c4a4-99aa-48f9-9581-d140a88703ff" testListId="8c84fa94-04c1-424b-9868-57a2d4851a1d" />
    <TestEntry testId="ab2380db-20c0-1dd8-de4a-c4d9dd66f580" executionId="751bded4-6aeb-4520-9815-c66278a6631d" testListId="8c84fa94-04c1-424b-9868-57a2d4851a1d" />
  </TestEntries>
  <TestLists>
    <TestList name="Results Not in a List" id="8c84fa94-04c1-424b-9868-57a2d4851a1d" />
    <TestList name="All Loaded Results" id="19431567-8539-422a-85d7-44ee4e166bda" />
  </TestLists>
  <ResultSummary outcome="Completed">
    <Counters total="8" executed="8" passed="8" failed="0" error="0" timeout="0" aborted="0" inconclusive="0" passedButRunAborted="0" notRunnable="0" notExecuted="0" disconnected="0" warning="0" completed="0" inProgress="0" pending="0" />
  </ResultSummary>
</TestRun>