<?xml version="1.0" encoding="utf-8"?>
<TestRun id="75cc0dbe-6edf-4d9d-b7bf-41e0fa9cc732" name="momin@DESKTOP-72BG8PT 2025-05-23 02:11:56" runUser="DESKTOP-72BG8PT\momin" xmlns="http://microsoft.com/schemas/VisualStudio/TeamTest/2010">
  <Times creation="2025-05-23T02:11:56.4706313+05:00" queuing="2025-05-23T02:11:56.4706313+05:00" start="2025-05-23T02:10:46.0748656+05:00" finish="2025-05-23T02:11:56.6334552+05:00" />
  <TestSettings name="default" id="2c596c4d-8d22-4523-acb7-45645c8d99df">
    <Deployment runDeploymentRoot="momin_DESKTOP-72BG8PT_2025-05-23_02_11_56" />
  </TestSettings>
  <Results>
    <UnitTestResult executionId="19226f7b-3f27-4c69-9d50-c4c04917d83a" testId="3955cfac-5726-9c8d-a9cc-adb1967bbdaa" testName="TestCase_001_Data_Driven (Data Row 0)" computerName="DESKTOP-72BG8PT" duration="00:00:47.5754712" startTime="2025-05-23T02:10:48.3890802+05:00" endTime="2025-05-23T02:11:55.8845436+05:00" testType="13cdc9d9-ddb5-4fa4-a97d-d965ccfc6d4b" outcome="Passed" testListId="8c84fa94-04c1-424b-9868-57a2d4851a1d" relativeResultsDirectory="19226f7b-3f27-4c69-9d50-c4c04917d83a" />
    <UnitTestResult executionId="f5e047ac-d264-4b97-8bc5-447702bbb72e" testId="3955cfac-5726-9c8d-a9cc-adb1967bbdaa" testName="TestCase_001_Data_Driven (Data Row 1)" computerName="DESKTOP-72BG8PT" duration="00:00:19.3911744" startTime="2025-05-23T02:10:48.3890802+05:00" endTime="2025-05-23T02:11:55.8845436+05:00" testType="13cdc9d9-ddb5-4fa4-a97d-d965ccfc6d4b" outcome="Passed" testListId="8c84fa94-04c1-424b-9868-57a2d4851a1d" relativeResultsDirectory="f5e047ac-d264-4b97-8bc5-447702bbb72e" />
  </Results>
  <TestDefinitions>
    <UnitTest name="TestCase_001_Data_Driven" storage="c:\users\momin\onedrive\ドキュメント\vs studio projects\workshop_selenium\workshop_selenium\bin\debug\workshop_selenium.dll" priority="1" id="3955cfac-5726-9c8d-a9cc-adb1967bbdaa">
      <Owners>
        <Owner name="Momina" />
      </Owners>
      <TestCategory>
        <TestCategoryItem TestCategory="LOGIN" />
        <TestCategoryItem TestCategory="POSITIVE" />
      </TestCategory>
      <Execution id="19226f7b-3f27-4c69-9d50-c4c04917d83a" />
      <TestMethod codeBase="C:\Users\momin\OneDrive\ドキュメント\VS Studio Projects\Workshop_selenium\Workshop_selenium\bin\Debug\Workshop_selenium.dll" adapterTypeName="executor://mstestadapter/v2" className="Workshop_selenium.UnitTest1" name="TestCase_001_Data_Driven" />
    </UnitTest>
  </TestDefinitions>
  <TestEntries>
    <TestEntry testId="3955cfac-5726-9c8d-a9cc-adb1967bbdaa" executionId="19226f7b-3f27-4c69-9d50-c4c04917d83a" testListId="8c84fa94-04c1-424b-9868-57a2d4851a1d" />
    <TestEntry testId="3955cfac-5726-9c8d-a9cc-adb1967bbdaa" executionId="f5e047ac-d264-4b97-8bc5-447702bbb72e" testListId="8c84fa94-04c1-424b-9868-57a2d4851a1d" />
  </TestEntries>
  <TestLists>
    <TestList name="Results Not in a List" id="8c84fa94-04c1-424b-9868-57a2d4851a1d" />
    <TestList name="All Loaded Results" id="19431567-8539-422a-85d7-44ee4e166bda" />
  </TestLists>
  <ResultSummary outcome="Completed">
    <Counters total="2" executed="2" passed="2" failed="0" error="0" timeout="0" aborted="0" inconclusive="0" passedButRunAborted="0" notRunnable="0" notExecuted="0" disconnected="0" warning="0" completed="0" inProgress="0" pending="0" />
  </ResultSummary>
</TestRun>